d:\projects\littleg\lastfinal\lastfinal\debug\vc142.pdb
d:\projects\littleg\lastfinal\lastfinal\debug\vc142.idb
d:\projects\littleg\lastfinal\lastfinal\debug\player.obj
d:\projects\littleg\lastfinal\lastfinal\debug\main.obj
d:\projects\littleg\lastfinal\lastfinal\debug\game.obj
d:\projects\littleg\lastfinal\lastfinal\debug\enemy.obj
d:\projects\littleg\lastfinal\lastfinal\debug\bullet.obj
d:\projects\littleg\lastfinal\lastfinal\debug\animation.obj
d:\projects\littleg\lastfinal\lastfinal\debug\test.obj
d:\projects\littleg\lastfinal\lastfinal\debug\server.obj
d:\projects\littleg\lastfinal\lastfinal\debug\client.obj
d:\projects\littleg\lastfinal\lastfinal\debug\lastfinal.exe
d:\projects\littleg\lastfinal\lastfinal\debug\lastfinal.ilk
d:\projects\littleg\lastfinal\lastfinal\debug\lastfinal.pdb
d:\projects\littleg\lastfinal\lastfinal\debug\lastfinal.tlog\cl.command.1.tlog
d:\projects\littleg\lastfinal\lastfinal\debug\lastfinal.tlog\cl.read.1.tlog
d:\projects\littleg\lastfinal\lastfinal\debug\lastfinal.tlog\cl.write.1.tlog
d:\projects\littleg\lastfinal\lastfinal\debug\lastfinal.tlog\link.command.1.tlog
d:\projects\littleg\lastfinal\lastfinal\debug\lastfinal.tlog\link.read.1.tlog
d:\projects\littleg\lastfinal\lastfinal\debug\lastfinal.tlog\link.write.1.tlog
